<?xml version="1.0" encoding="UTF-8"?>
<!-- Generated by org.testng.reporters.JUnitReportReporter -->
<testsuite hostname="DESKTOP-496DOAJ" failures="0" tests="9" name="Runner_Files.Circles_positive_scenarios_runner" time="45.439" errors="0" timestamp="2021-07-12T20:10:38 IST" skipped="0">
  <testcase classname="Runner_Files.Circles_positive_scenarios_runner" name="runScenario" time="0.374"/>
  <system-out/>
  <testcase classname="Runner_Files.Circles_positive_scenarios_runner" name="runScenario" time="1.000"/>
  <system-out/>
  <testcase classname="Runner_Files.Circles_positive_scenarios_runner" name="runScenario" time="0.529"/>
  <system-out/>
  <testcase classname="Runner_Files.Circles_positive_scenarios_runner" name="runScenario" time="23.024"/>
  <system-out/>
  <testcase classname="Runner_Files.Circles_positive_scenarios_runner" name="runScenario" time="18.321"/>
  <system-out/>
  <testcase classname="Runner_Files.Circles_positive_scenarios_runner" name="runScenario" time="0.831"/>
  <system-out/>
  <testcase classname="Runner_Files.Circles_positive_scenarios_runner" name="runScenario" time="0.186"/>
  <system-out/>
  <testcase classname="Runner_Files.Circles_positive_scenarios_runner" name="runScenario" time="0.278"/>
  <system-out/>
  <testcase classname="Runner_Files.Circles_positive_scenarios_runner" name="runScenario" time="0.896"/>
  <system-out/>
</testsuite> <!-- Runner_Files.Circles_positive_scenarios_runner -->
