<?xml version="1.0" encoding="UTF-8"?>
<!-- Generated by org.testng.reporters.JUnitReportReporter -->
<testsuite hostname="DESKTOP-496DOAJ" failures="0" tests="13" name="Runner_Files.Your_profile_positive_scenarios_runner" time="91.921" errors="0" timestamp="2021-07-12T13:05:59 IST" skipped="0">
  <testcase classname="Runner_Files.Your_profile_positive_scenarios_runner" name="runScenario" time="4.577"/>
  <system-out/>
  <testcase classname="Runner_Files.Your_profile_positive_scenarios_runner" name="runScenario" time="0.295"/>
  <system-out/>
  <testcase classname="Runner_Files.Your_profile_positive_scenarios_runner" name="runScenario" time="4.615"/>
  <system-out/>
  <testcase classname="Runner_Files.Your_profile_positive_scenarios_runner" name="runScenario" time="32.343"/>
  <system-out/>
  <testcase classname="Runner_Files.Your_profile_positive_scenarios_runner" name="runScenario" time="17.164"/>
  <system-out/>
  <testcase classname="Runner_Files.Your_profile_positive_scenarios_runner" name="runScenario" time="19.111"/>
  <system-out/>
  <testcase classname="Runner_Files.Your_profile_positive_scenarios_runner" name="runScenario" time="2.180"/>
  <system-out/>
  <testcase classname="Runner_Files.Your_profile_positive_scenarios_runner" name="runScenario" time="0.296"/>
  <system-out/>
  <testcase classname="Runner_Files.Your_profile_positive_scenarios_runner" name="runScenario" time="0.120"/>
  <system-out/>
  <testcase classname="Runner_Files.Your_profile_positive_scenarios_runner" name="runScenario" time="5.557"/>
  <system-out/>
  <testcase classname="Runner_Files.Your_profile_positive_scenarios_runner" name="runScenario" time="2.689"/>
  <system-out/>
  <testcase classname="Runner_Files.Your_profile_positive_scenarios_runner" name="runScenario" time="2.793"/>
  <system-out/>
  <testcase classname="Runner_Files.Your_profile_positive_scenarios_runner" name="runScenario" time="0.181"/>
  <system-out/>
</testsuite> <!-- Runner_Files.Your_profile_positive_scenarios_runner -->
