<?xml version="1.0" encoding="UTF-8"?>
<!-- Generated by org.testng.reporters.JUnitReportReporter -->
<testsuite hostname="DESKTOP-496DOAJ" failures="0" tests="3" name="Runner_Files.Landing_welcome_positive_scenarios_runner" time="22.648" errors="0" timestamp="2021-07-12T20:21:07 IST" skipped="0">
  <testcase classname="Runner_Files.Landing_welcome_positive_scenarios_runner" name="runScenario" time="3.312"/>
  <system-out/>
  <testcase classname="Runner_Files.Landing_welcome_positive_scenarios_runner" name="runScenario" time="5.383"/>
  <system-out/>
  <testcase classname="Runner_Files.Landing_welcome_positive_scenarios_runner" name="runScenario" time="13.953"/>
  <system-out/>
</testsuite> <!-- Runner_Files.Landing_welcome_positive_scenarios_runner -->
