<?xml version="1.0" encoding="UTF-8"?>
<!-- Generated by org.testng.reporters.JUnitReportReporter -->
<testsuite hostname="DESKTOP-496DOAJ" failures="0" tests="7" name="Runner_Files.Signup_positive_scenarios_runner" time="23.288" errors="0" timestamp="2021-07-12T11:31:14 IST" skipped="0">
  <testcase classname="Runner_Files.Signup_positive_scenarios_runner" name="runScenario" time="1.261"/>
  <system-out/>
  <testcase classname="Runner_Files.Signup_positive_scenarios_runner" name="runScenario" time="4.192"/>
  <system-out/>
  <testcase classname="Runner_Files.Signup_positive_scenarios_runner" name="runScenario" time="2.137"/>
  <system-out/>
  <testcase classname="Runner_Files.Signup_positive_scenarios_runner" name="runScenario" time="2.038"/>
  <system-out/>
  <testcase classname="Runner_Files.Signup_positive_scenarios_runner" name="runScenario" time="8.709"/>
  <system-out/>
  <testcase classname="Runner_Files.Signup_positive_scenarios_runner" name="runScenario" time="1.177"/>
  <system-out/>
  <testcase classname="Runner_Files.Signup_positive_scenarios_runner" name="runScenario" time="3.774"/>
  <system-out/>
</testsuite> <!-- Runner_Files.Signup_positive_scenarios_runner -->
