<?xml version="1.0" encoding="UTF-8"?>
<!-- Generated by org.testng.reporters.JUnitReportReporter -->
<testsuite hostname="DESKTOP-496DOAJ" failures="0" tests="7" name="Runner_Files.Circles_negative_scenarios_runner" time="34.408" errors="0" timestamp="2021-07-12T20:08:11 IST" skipped="0">
  <testcase classname="Runner_Files.Circles_negative_scenarios_runner" name="runScenario" time="0.710"/>
  <system-out/>
  <testcase classname="Runner_Files.Circles_negative_scenarios_runner" name="runScenario" time="24.846"/>
  <system-out/>
  <testcase classname="Runner_Files.Circles_negative_scenarios_runner" name="runScenario" time="0.969"/>
  <system-out/>
  <testcase classname="Runner_Files.Circles_negative_scenarios_runner" name="runScenario" time="0.989"/>
  <system-out/>
  <testcase classname="Runner_Files.Circles_negative_scenarios_runner" name="runScenario" time="0.665"/>
  <system-out/>
  <testcase classname="Runner_Files.Circles_negative_scenarios_runner" name="runScenario" time="1.005"/>
  <system-out/>
  <testcase classname="Runner_Files.Circles_negative_scenarios_runner" name="runScenario" time="5.224"/>
  <system-out/>
</testsuite> <!-- Runner_Files.Circles_negative_scenarios_runner -->
