<?xml version="1.0" encoding="UTF-8"?>
<!-- Generated by org.testng.reporters.JUnitReportReporter -->
<testsuite hostname="DESKTOP-496DOAJ" failures="0" tests="6" name="Runner_Files.Utilities_negative_scenarios_runner" time="38.704" errors="0" timestamp="2021-07-12T20:26:56 IST" skipped="0">
  <testcase classname="Runner_Files.Utilities_negative_scenarios_runner" name="runScenario" time="7.804"/>
  <system-out/>
  <testcase classname="Runner_Files.Utilities_negative_scenarios_runner" name="runScenario" time="1.666"/>
  <system-out/>
  <testcase classname="Runner_Files.Utilities_negative_scenarios_runner" name="runScenario" time="2.244"/>
  <system-out/>
  <testcase classname="Runner_Files.Utilities_negative_scenarios_runner" name="runScenario" time="19.825"/>
  <system-out/>
  <testcase classname="Runner_Files.Utilities_negative_scenarios_runner" name="runScenario" time="1.684"/>
  <system-out/>
  <testcase classname="Runner_Files.Utilities_negative_scenarios_runner" name="runScenario" time="5.481"/>
  <system-out/>
</testsuite> <!-- Runner_Files.Utilities_negative_scenarios_runner -->
