<?xml version="1.0" encoding="UTF-8"?>
<!-- Generated by org.testng.reporters.JUnitReportReporter -->
<testsuite hostname="DESKTOP-496DOAJ" failures="0" tests="24" name="Runner_Files.Your_profile_negative_scenarios_runner" time="140.762" errors="0" timestamp="2021-07-12T21:48:19 IST" skipped="0">
  <testcase classname="Runner_Files.Your_profile_negative_scenarios_runner" name="runScenario" time="1.228"/>
  <system-out/>
  <testcase classname="Runner_Files.Your_profile_negative_scenarios_runner" name="runScenario" time="0.707"/>
  <system-out/>
  <testcase classname="Runner_Files.Your_profile_negative_scenarios_runner" name="runScenario" time="2.770"/>
  <system-out/>
  <testcase classname="Runner_Files.Your_profile_negative_scenarios_runner" name="runScenario" time="1.751"/>
  <system-out/>
  <testcase classname="Runner_Files.Your_profile_negative_scenarios_runner" name="runScenario" time="0.582"/>
  <system-out/>
  <testcase classname="Runner_Files.Your_profile_negative_scenarios_runner" name="runScenario" time="0.685"/>
  <system-out/>
  <testcase classname="Runner_Files.Your_profile_negative_scenarios_runner" name="runScenario" time="2.124"/>
  <system-out/>
  <testcase classname="Runner_Files.Your_profile_negative_scenarios_runner" name="runScenario" time="1.459"/>
  <system-out/>
  <testcase classname="Runner_Files.Your_profile_negative_scenarios_runner" name="runScenario" time="0.292"/>
  <system-out/>
  <testcase classname="Runner_Files.Your_profile_negative_scenarios_runner" name="runScenario" time="3.305"/>
  <system-out/>
  <testcase classname="Runner_Files.Your_profile_negative_scenarios_runner" name="runScenario" time="40.322"/>
  <system-out/>
  <testcase classname="Runner_Files.Your_profile_negative_scenarios_runner" name="runScenario" time="0.878"/>
  <system-out/>
  <testcase classname="Runner_Files.Your_profile_negative_scenarios_runner" name="runScenario" time="1.542"/>
  <system-out/>
  <testcase classname="Runner_Files.Your_profile_negative_scenarios_runner" name="runScenario" time="0.032"/>
  <system-out/>
  <testcase classname="Runner_Files.Your_profile_negative_scenarios_runner" name="runScenario" time="0.871"/>
  <system-out/>
  <testcase classname="Runner_Files.Your_profile_negative_scenarios_runner" name="runScenario" time="1.962"/>
  <system-out/>
  <testcase classname="Runner_Files.Your_profile_negative_scenarios_runner" name="runScenario" time="3.750"/>
  <system-out/>
  <testcase classname="Runner_Files.Your_profile_negative_scenarios_runner" name="runScenario" time="0.616"/>
  <system-out/>
  <testcase classname="Runner_Files.Your_profile_negative_scenarios_runner" name="runScenario" time="0.966"/>
  <system-out/>
  <testcase classname="Runner_Files.Your_profile_negative_scenarios_runner" name="runScenario" time="1.579"/>
  <system-out/>
  <testcase classname="Runner_Files.Your_profile_negative_scenarios_runner" name="runScenario" time="0.324"/>
  <system-out/>
  <testcase classname="Runner_Files.Your_profile_negative_scenarios_runner" name="runScenario" time="0.587"/>
  <system-out/>
  <testcase classname="Runner_Files.Your_profile_negative_scenarios_runner" name="runScenario" time="71.304"/>
  <system-out/>
  <testcase classname="Runner_Files.Your_profile_negative_scenarios_runner" name="runScenario" time="1.126"/>
  <system-out/>
</testsuite> <!-- Runner_Files.Your_profile_negative_scenarios_runner -->
