<?xml version="1.0" encoding="UTF-8"?>
<!-- Generated by org.testng.reporters.JUnitReportReporter -->
<testsuite hostname="DESKTOP-496DOAJ" failures="0" tests="9" name="Runner_Files.Request_second_opinion_positive_scenarios_runner" time="55.232" errors="0" timestamp="2021-07-12T16:52:44 IST" skipped="0">
  <testcase classname="Runner_Files.Request_second_opinion_positive_scenarios_runner" name="runScenario" time="0.007"/>
  <system-out/>
  <testcase classname="Runner_Files.Request_second_opinion_positive_scenarios_runner" name="runScenario" time="0.008"/>
  <system-out/>
  <testcase classname="Runner_Files.Request_second_opinion_positive_scenarios_runner" name="runScenario" time="0.144"/>
  <system-out/>
  <testcase classname="Runner_Files.Request_second_opinion_positive_scenarios_runner" name="runScenario" time="0.007"/>
  <system-out/>
  <testcase classname="Runner_Files.Request_second_opinion_positive_scenarios_runner" name="runScenario" time="0.010"/>
  <system-out/>
  <testcase classname="Runner_Files.Request_second_opinion_positive_scenarios_runner" name="runScenario" time="10.326"/>
  <system-out/>
  <testcase classname="Runner_Files.Request_second_opinion_positive_scenarios_runner" name="runScenario" time="26.904"/>
  <system-out/>
  <testcase classname="Runner_Files.Request_second_opinion_positive_scenarios_runner" name="runScenario" time="17.820"/>
  <system-out/>
  <testcase classname="Runner_Files.Request_second_opinion_positive_scenarios_runner" name="runScenario" time="0.006"/>
  <system-out/>
</testsuite> <!-- Runner_Files.Request_second_opinion_positive_scenarios_runner -->
