<?xml version="1.0" encoding="UTF-8"?>
<!-- Generated by org.testng.reporters.JUnitReportReporter -->
<testsuite hostname="DESKTOP-496DOAJ" failures="0" tests="7" name="Runner_Files.Login_negative_scenarios_runner" time="31.725" errors="0" timestamp="2021-07-12T18:55:38 IST" skipped="0">
  <testcase classname="Runner_Files.Login_negative_scenarios_runner" name="runScenario" time="1.115"/>
  <system-out/>
  <testcase classname="Runner_Files.Login_negative_scenarios_runner" name="runScenario" time="4.090"/>
  <system-out/>
  <testcase classname="Runner_Files.Login_negative_scenarios_runner" name="runScenario" time="3.364"/>
  <system-out/>
  <testcase classname="Runner_Files.Login_negative_scenarios_runner" name="runScenario" time="16.359"/>
  <system-out/>
  <testcase classname="Runner_Files.Login_negative_scenarios_runner" name="runScenario" time="2.855"/>
  <system-out/>
  <testcase classname="Runner_Files.Login_negative_scenarios_runner" name="runScenario" time="1.140"/>
  <system-out/>
  <testcase classname="Runner_Files.Login_negative_scenarios_runner" name="runScenario" time="2.802"/>
  <system-out/>
</testsuite> <!-- Runner_Files.Login_negative_scenarios_runner -->
