<?xml version="1.0" encoding="UTF-8"?>
<!-- Generated by org.testng.reporters.JUnitReportReporter -->
<testsuite hostname="DESKTOP-496DOAJ" failures="0" tests="10" name="Runner_Files.Signup_negative_scenarios_runner" time="29.460" errors="0" timestamp="2021-07-12T20:24:29 IST" skipped="0">
  <testcase classname="Runner_Files.Signup_negative_scenarios_runner" name="runScenario" time="1.328"/>
  <system-out/>
  <testcase classname="Runner_Files.Signup_negative_scenarios_runner" name="runScenario" time="1.167"/>
  <system-out/>
  <testcase classname="Runner_Files.Signup_negative_scenarios_runner" name="runScenario" time="0.237"/>
  <system-out/>
  <testcase classname="Runner_Files.Signup_negative_scenarios_runner" name="runScenario" time="16.872"/>
  <system-out/>
  <testcase classname="Runner_Files.Signup_negative_scenarios_runner" name="runScenario" time="1.363"/>
  <system-out/>
  <testcase classname="Runner_Files.Signup_negative_scenarios_runner" name="runScenario" time="1.239"/>
  <system-out/>
  <testcase classname="Runner_Files.Signup_negative_scenarios_runner" name="runScenario" time="1.190"/>
  <system-out/>
  <testcase classname="Runner_Files.Signup_negative_scenarios_runner" name="runScenario" time="1.345"/>
  <system-out/>
  <testcase classname="Runner_Files.Signup_negative_scenarios_runner" name="runScenario" time="3.482"/>
  <system-out/>
  <testcase classname="Runner_Files.Signup_negative_scenarios_runner" name="runScenario" time="1.237"/>
  <system-out/>
</testsuite> <!-- Runner_Files.Signup_negative_scenarios_runner -->
