<?xml version="1.0" encoding="UTF-8"?>
<!-- Generated by org.testng.reporters.JUnitReportReporter -->
<testsuite hostname="DESKTOP-496DOAJ" failures="0" tests="5" name="Runner_Files.Award_points_negative_scenarios_runner" time="33.048" errors="0" timestamp="2021-07-12T17:44:23 IST" skipped="0">
  <testcase classname="Runner_Files.Award_points_negative_scenarios_runner" name="runScenario" time="15.265"/>
  <system-out/>
  <testcase classname="Runner_Files.Award_points_negative_scenarios_runner" name="runScenario" time="3.682"/>
  <system-out/>
  <testcase classname="Runner_Files.Award_points_negative_scenarios_runner" name="runScenario" time="2.772"/>
  <system-out/>
  <testcase classname="Runner_Files.Award_points_negative_scenarios_runner" name="runScenario" time="7.538"/>
  <system-out/>
  <testcase classname="Runner_Files.Award_points_negative_scenarios_runner" name="runScenario" time="3.791"/>
  <system-out/>
</testsuite> <!-- Runner_Files.Award_points_negative_scenarios_runner -->
