<?xml version="1.0" encoding="UTF-8"?>
<!-- Generated by org.testng.reporters.JUnitReportReporter -->
<testsuite hostname="DESKTOP-496DOAJ" failures="0" tests="6" name="Runner_Files.Login_positive_scenarios_runner" time="25.083" errors="0" timestamp="2021-07-12T18:56:31 IST" skipped="0">
  <testcase classname="Runner_Files.Login_positive_scenarios_runner" name="runScenario" time="4.213"/>
  <system-out/>
  <testcase classname="Runner_Files.Login_positive_scenarios_runner" name="runScenario" time="0.011"/>
  <system-out/>
  <testcase classname="Runner_Files.Login_positive_scenarios_runner" name="runScenario" time="0.116"/>
  <system-out/>
  <testcase classname="Runner_Files.Login_positive_scenarios_runner" name="runScenario" time="5.939"/>
  <system-out/>
  <testcase classname="Runner_Files.Login_positive_scenarios_runner" name="runScenario" time="0.008"/>
  <system-out/>
  <testcase classname="Runner_Files.Login_positive_scenarios_runner" name="runScenario" time="14.796"/>
  <system-out/>
</testsuite> <!-- Runner_Files.Login_positive_scenarios_runner -->
