<?xml version="1.0" encoding="UTF-8"?>
<!-- Generated by org.testng.reporters.JUnitReportReporter -->
<testsuite hostname="DESKTOP-496DOAJ" failures="0" tests="8" name="Runner_Files.Bills_positive_scenarios_runner" time="27.552" errors="0" timestamp="2021-07-12T20:05:26 IST" skipped="0">
  <testcase classname="Runner_Files.Bills_positive_scenarios_runner" name="runScenario" time="0.719"/>
  <system-out/>
  <testcase classname="Runner_Files.Bills_positive_scenarios_runner" name="runScenario" time="0.306"/>
  <system-out/>
  <testcase classname="Runner_Files.Bills_positive_scenarios_runner" name="runScenario" time="0.206"/>
  <system-out/>
  <testcase classname="Runner_Files.Bills_positive_scenarios_runner" name="runScenario" time="19.755"/>
  <system-out/>
  <testcase classname="Runner_Files.Bills_positive_scenarios_runner" name="runScenario" time="0.497"/>
  <system-out/>
  <testcase classname="Runner_Files.Bills_positive_scenarios_runner" name="runScenario" time="5.371"/>
  <system-out/>
  <testcase classname="Runner_Files.Bills_positive_scenarios_runner" name="runScenario" time="0.177"/>
  <system-out/>
  <testcase classname="Runner_Files.Bills_positive_scenarios_runner" name="runScenario" time="0.521"/>
  <system-out/>
</testsuite> <!-- Runner_Files.Bills_positive_scenarios_runner -->
