<?xml version="1.0" encoding="UTF-8"?>
<!-- Generated by org.testng.reporters.JUnitReportReporter -->
<testsuite hostname="DESKTOP-496DOAJ" failures="0" tests="3" name="Runner_Files.Services_positive_scenarios_runner" time="63.373" errors="0" timestamp="2021-07-12T21:21:56 IST" skipped="0">
  <testcase classname="Runner_Files.Services_positive_scenarios_runner" name="runScenario" time="56.471"/>
  <system-out/>
  <testcase classname="Runner_Files.Services_positive_scenarios_runner" name="runScenario" time="6.775"/>
  <system-out/>
  <testcase classname="Runner_Files.Services_positive_scenarios_runner" name="runScenario" time="0.127"/>
  <system-out/>
</testsuite> <!-- Runner_Files.Services_positive_scenarios_runner -->
