<?xml version="1.0" encoding="UTF-8"?>
<!-- Generated by org.testng.reporters.JUnitReportReporter -->
<testsuite hostname="DESKTOP-496DOAJ" failures="0" tests="6" name="Runner_Files.Utilities_positive_scenarios_runner" time="69.053" errors="0" timestamp="2021-07-12T20:30:45 IST" skipped="0">
  <testcase classname="Runner_Files.Utilities_positive_scenarios_runner" name="runScenario" time="2.828"/>
  <system-out/>
  <testcase classname="Runner_Files.Utilities_positive_scenarios_runner" name="runScenario" time="31.454"/>
  <system-out/>
  <testcase classname="Runner_Files.Utilities_positive_scenarios_runner" name="runScenario" time="6.310"/>
  <system-out/>
  <testcase classname="Runner_Files.Utilities_positive_scenarios_runner" name="runScenario" time="7.766"/>
  <system-out/>
  <testcase classname="Runner_Files.Utilities_positive_scenarios_runner" name="runScenario" time="2.841"/>
  <system-out/>
  <testcase classname="Runner_Files.Utilities_positive_scenarios_runner" name="runScenario" time="17.854"/>
  <system-out/>
</testsuite> <!-- Runner_Files.Utilities_positive_scenarios_runner -->
