<?xml version="1.0" encoding="UTF-8"?>
<!-- Generated by org.testng.reporters.JUnitReportReporter -->
<testsuite hostname="DESKTOP-496DOAJ" failures="0" tests="6" name="Runner_Files.Login_positive_scenarios_runner" time="28.406" errors="0" timestamp="2021-07-12T19:22:53 IST" skipped="0">
  <testcase classname="Runner_Files.Login_positive_scenarios_runner" name="runScenario" time="0.007"/>
  <system-out/>
  <testcase classname="Runner_Files.Login_positive_scenarios_runner" name="runScenario" time="1.962"/>
  <system-out/>
  <testcase classname="Runner_Files.Login_positive_scenarios_runner" name="runScenario" time="3.926"/>
  <system-out/>
  <testcase classname="Runner_Files.Login_positive_scenarios_runner" name="runScenario" time="22.374"/>
  <system-out/>
  <testcase classname="Runner_Files.Login_positive_scenarios_runner" name="runScenario" time="0.006"/>
  <system-out/>
  <testcase classname="Runner_Files.Login_positive_scenarios_runner" name="runScenario" time="0.131"/>
  <system-out/>
</testsuite> <!-- Runner_Files.Login_positive_scenarios_runner -->
