<?xml version="1.0" encoding="UTF-8"?>
<!-- Generated by org.testng.reporters.JUnitReportReporter -->
<testsuite hostname="DESKTOP-496DOAJ" failures="0" tests="5" name="Runner_Files.Homepage_positive_scenarios_runner" time="90.604" errors="0" timestamp="2021-07-12T19:22:53 IST" skipped="0">
  <testcase classname="Runner_Files.Homepage_positive_scenarios_runner" name="runScenario" time="2.904"/>
  <system-out/>
  <testcase classname="Runner_Files.Homepage_positive_scenarios_runner" name="runScenario" time="24.348"/>
  <system-out/>
  <testcase classname="Runner_Files.Homepage_positive_scenarios_runner" name="runScenario" time="13.014"/>
  <system-out/>
  <testcase classname="Runner_Files.Homepage_positive_scenarios_runner" name="runScenario" time="24.307"/>
  <system-out/>
  <testcase classname="Runner_Files.Homepage_positive_scenarios_runner" name="runScenario" time="26.031"/>
  <system-out/>
</testsuite> <!-- Runner_Files.Homepage_positive_scenarios_runner -->
