<?xml version="1.0" encoding="UTF-8"?>
<!-- Generated by org.testng.reporters.JUnitReportReporter -->
<testsuite hostname="DESKTOP-496DOAJ" failures="2" tests="7" name="Runner_Files.Help_positive_scenarios_runner" time="25.047" errors="0" timestamp="2021-07-12T19:22:53 IST" skipped="0">
  <testcase classname="Runner_Files.Help_positive_scenarios_runner" name="runScenario" time="22.848"/>
  <system-out/>
  <testcase classname="Runner_Files.Help_positive_scenarios_runner" name="runScenario" time="0.179">
    <failure message="expected [false] but found [true]" type="java.lang.AssertionError">
      <![CDATA[java.lang.AssertionError: expected [false] but found [true]
at org.testng.Assert.fail(Assert.java:97)
at org.testng.Assert.assertEqualsImpl(Assert.java:136)
at org.testng.Assert.assertEquals(Assert.java:118)
at org.testng.Assert.assertEquals(Assert.java:751)
at org.testng.Assert.assertEquals(Assert.java:761)
at Help_positive_scenarios.Help_positive_scenarios.profile_displayed(Help_positive_scenarios.java:163)
at ✽.verify the Profile description is displayed(file:///C:/Users/Admin/Downloads/mph-web-qa-automation/src/main/java/Help_positive_scenarios/Help_positive_scenarios.feature:21)
]]>
    </failure>
  </testcase> <!-- runScenario -->
  <system-out/>
  <testcase classname="Runner_Files.Help_positive_scenarios_runner" name="runScenario" time="0.249"/>
  <system-out/>
  <testcase classname="Runner_Files.Help_positive_scenarios_runner" name="runScenario" time="0.206">
    <failure message="expected [false] but found [true]" type="java.lang.AssertionError">
      <![CDATA[java.lang.AssertionError: expected [false] but found [true]
at org.testng.Assert.fail(Assert.java:97)
at org.testng.Assert.assertEqualsImpl(Assert.java:136)
at org.testng.Assert.assertEquals(Assert.java:118)
at org.testng.Assert.assertEquals(Assert.java:751)
at org.testng.Assert.assertEquals(Assert.java:761)
at Help_positive_scenarios.Help_positive_scenarios.secondopinions_displayed(Help_positive_scenarios.java:81)
at ✽.verify the Second Opinions description is displayed(file:///C:/Users/Admin/Downloads/mph-web-qa-automation/src/main/java/Help_positive_scenarios/Help_positive_scenarios.feature:9)
]]>
    </failure>
  </testcase> <!-- runScenario -->
  <system-out/>
  <testcase classname="Runner_Files.Help_positive_scenarios_runner" name="runScenario" time="0.198"/>
  <system-out/>
  <testcase classname="Runner_Files.Help_positive_scenarios_runner" name="runScenario" time="1.069"/>
  <system-out/>
  <testcase classname="Runner_Files.Help_positive_scenarios_runner" name="runScenario" time="0.298"/>
  <system-out/>
</testsuite> <!-- Runner_Files.Help_positive_scenarios_runner -->
