<?xml version="1.0" encoding="UTF-8"?>
<!-- Generated by org.testng.reporters.JUnitReportReporter -->
<testsuite hostname="DESKTOP-496DOAJ" failures="0" tests="7" name="Runner_Files.Login_negative_scenarios_runner" time="30.824" errors="0" timestamp="2021-07-12T19:22:53 IST" skipped="0">
  <testcase classname="Runner_Files.Login_negative_scenarios_runner" name="runScenario" time="2.803"/>
  <system-out/>
  <testcase classname="Runner_Files.Login_negative_scenarios_runner" name="runScenario" time="1.000"/>
  <system-out/>
  <testcase classname="Runner_Files.Login_negative_scenarios_runner" name="runScenario" time="3.050"/>
  <system-out/>
  <testcase classname="Runner_Files.Login_negative_scenarios_runner" name="runScenario" time="2.911"/>
  <system-out/>
  <testcase classname="Runner_Files.Login_negative_scenarios_runner" name="runScenario" time="0.987"/>
  <system-out/>
  <testcase classname="Runner_Files.Login_negative_scenarios_runner" name="runScenario" time="2.940"/>
  <system-out/>
  <testcase classname="Runner_Files.Login_negative_scenarios_runner" name="runScenario" time="17.133"/>
  <system-out/>
</testsuite> <!-- Runner_Files.Login_negative_scenarios_runner -->
