<?xml version="1.0" encoding="UTF-8"?>
<!-- Generated by org.testng.reporters.JUnitReportReporter -->
<testsuite hostname="DESKTOP-496DOAJ" failures="0" tests="6" name="Runner_Files.Utilities_negative_scenarios_runner" time="36.571" errors="0" timestamp="2021-07-12T19:22:53 IST" skipped="0">
  <testcase classname="Runner_Files.Utilities_negative_scenarios_runner" name="runScenario" time="7.420"/>
  <system-out/>
  <testcase classname="Runner_Files.Utilities_negative_scenarios_runner" name="runScenario" time="5.523"/>
  <system-out/>
  <testcase classname="Runner_Files.Utilities_negative_scenarios_runner" name="runScenario" time="18.577"/>
  <system-out/>
  <testcase classname="Runner_Files.Utilities_negative_scenarios_runner" name="runScenario" time="1.317"/>
  <system-out/>
  <testcase classname="Runner_Files.Utilities_negative_scenarios_runner" name="runScenario" time="1.578"/>
  <system-out/>
  <testcase classname="Runner_Files.Utilities_negative_scenarios_runner" name="runScenario" time="2.156"/>
  <system-out/>
</testsuite> <!-- Runner_Files.Utilities_negative_scenarios_runner -->
