<?xml version="1.0" encoding="UTF-8"?>
<!-- Generated by org.testng.reporters.JUnitReportReporter -->
<testsuite hostname="DESKTOP-496DOAJ" failures="0" tests="9" name="Runner_Files.Second_opinion_dashboard_positive_scenarios_runner" time="67.103" errors="0" timestamp="2021-07-12T19:22:53 IST" skipped="0">
  <testcase classname="Runner_Files.Second_opinion_dashboard_positive_scenarios_runner" name="runScenario" time="0.136"/>
  <system-out/>
  <testcase classname="Runner_Files.Second_opinion_dashboard_positive_scenarios_runner" name="runScenario" time="21.377"/>
  <system-out/>
  <testcase classname="Runner_Files.Second_opinion_dashboard_positive_scenarios_runner" name="runScenario" time="3.123"/>
  <system-out/>
  <testcase classname="Runner_Files.Second_opinion_dashboard_positive_scenarios_runner" name="runScenario" time="10.829"/>
  <system-out/>
  <testcase classname="Runner_Files.Second_opinion_dashboard_positive_scenarios_runner" name="runScenario" time="12.183"/>
  <system-out/>
  <testcase classname="Runner_Files.Second_opinion_dashboard_positive_scenarios_runner" name="runScenario" time="11.889"/>
  <system-out/>
  <testcase classname="Runner_Files.Second_opinion_dashboard_positive_scenarios_runner" name="runScenario" time="4.270"/>
  <system-out/>
  <testcase classname="Runner_Files.Second_opinion_dashboard_positive_scenarios_runner" name="runScenario" time="3.014"/>
  <system-out/>
  <testcase classname="Runner_Files.Second_opinion_dashboard_positive_scenarios_runner" name="runScenario" time="0.282"/>
  <system-out/>
</testsuite> <!-- Runner_Files.Second_opinion_dashboard_positive_scenarios_runner -->
