<?xml version="1.0" encoding="UTF-8"?>
<!-- Generated by org.testng.reporters.JUnitReportReporter -->
<testsuite hostname="DESKTOP-496DOAJ" failures="0" tests="9" name="Runner_Files.Request_second_opinion_positive_scenarios_runner" time="57.818" errors="0" timestamp="2021-07-12T19:22:53 IST" skipped="0">
  <testcase classname="Runner_Files.Request_second_opinion_positive_scenarios_runner" name="runScenario" time="0.004"/>
  <system-out/>
  <testcase classname="Runner_Files.Request_second_opinion_positive_scenarios_runner" name="runScenario" time="0.002"/>
  <system-out/>
  <testcase classname="Runner_Files.Request_second_opinion_positive_scenarios_runner" name="runScenario" time="19.089"/>
  <system-out/>
  <testcase classname="Runner_Files.Request_second_opinion_positive_scenarios_runner" name="runScenario" time="0.002"/>
  <system-out/>
  <testcase classname="Runner_Files.Request_second_opinion_positive_scenarios_runner" name="runScenario" time="28.294"/>
  <system-out/>
  <testcase classname="Runner_Files.Request_second_opinion_positive_scenarios_runner" name="runScenario" time="10.307"/>
  <system-out/>
  <testcase classname="Runner_Files.Request_second_opinion_positive_scenarios_runner" name="runScenario" time="0.002"/>
  <system-out/>
  <testcase classname="Runner_Files.Request_second_opinion_positive_scenarios_runner" name="runScenario" time="0.003"/>
  <system-out/>
  <testcase classname="Runner_Files.Request_second_opinion_positive_scenarios_runner" name="runScenario" time="0.115"/>
  <system-out/>
</testsuite> <!-- Runner_Files.Request_second_opinion_positive_scenarios_runner -->
