<?xml version="1.0" encoding="UTF-8"?>
<!-- Generated by org.testng.reporters.JUnitReportReporter -->
<testsuite hostname="DESKTOP-496DOAJ" failures="0" tests="10" name="Runner_Files.Refer_a_friend_positive_scenarios_runner" time="23.020" errors="0" timestamp="2021-07-12T19:22:53 IST" skipped="0">
  <testcase classname="Runner_Files.Refer_a_friend_positive_scenarios_runner" name="runScenario" time="0.038"/>
  <system-out/>
  <testcase classname="Runner_Files.Refer_a_friend_positive_scenarios_runner" name="runScenario" time="0.156"/>
  <system-out/>
  <testcase classname="Runner_Files.Refer_a_friend_positive_scenarios_runner" name="runScenario" time="0.037"/>
  <system-out/>
  <testcase classname="Runner_Files.Refer_a_friend_positive_scenarios_runner" name="runScenario" time="0.358"/>
  <system-out/>
  <testcase classname="Runner_Files.Refer_a_friend_positive_scenarios_runner" name="runScenario" time="0.467"/>
  <system-out/>
  <testcase classname="Runner_Files.Refer_a_friend_positive_scenarios_runner" name="runScenario" time="18.781"/>
  <system-out/>
  <testcase classname="Runner_Files.Refer_a_friend_positive_scenarios_runner" name="runScenario" time="0.033"/>
  <system-out/>
  <testcase classname="Runner_Files.Refer_a_friend_positive_scenarios_runner" name="runScenario" time="2.828"/>
  <system-out/>
  <testcase classname="Runner_Files.Refer_a_friend_positive_scenarios_runner" name="runScenario" time="0.189"/>
  <system-out/>
  <testcase classname="Runner_Files.Refer_a_friend_positive_scenarios_runner" name="runScenario" time="0.133"/>
  <system-out/>
</testsuite> <!-- Runner_Files.Refer_a_friend_positive_scenarios_runner -->
