<?xml version="1.0" encoding="UTF-8"?>
<!-- Generated by org.testng.reporters.JUnitReportReporter -->
<testsuite hostname="DESKTOP-496DOAJ" failures="0" tests="7" name="Runner_Files.Signup_positive_scenarios_runner" time="27.554" errors="0" timestamp="2021-07-12T19:22:53 IST" skipped="0">
  <testcase classname="Runner_Files.Signup_positive_scenarios_runner" name="runScenario" time="3.157"/>
  <system-out/>
  <testcase classname="Runner_Files.Signup_positive_scenarios_runner" name="runScenario" time="16.862"/>
  <system-out/>
  <testcase classname="Runner_Files.Signup_positive_scenarios_runner" name="runScenario" time="2.323"/>
  <system-out/>
  <testcase classname="Runner_Files.Signup_positive_scenarios_runner" name="runScenario" time="1.416"/>
  <system-out/>
  <testcase classname="Runner_Files.Signup_positive_scenarios_runner" name="runScenario" time="0.235"/>
  <system-out/>
  <testcase classname="Runner_Files.Signup_positive_scenarios_runner" name="runScenario" time="1.108"/>
  <system-out/>
  <testcase classname="Runner_Files.Signup_positive_scenarios_runner" name="runScenario" time="2.453"/>
  <system-out/>
</testsuite> <!-- Runner_Files.Signup_positive_scenarios_runner -->
