<?xml version="1.0" encoding="UTF-8"?>
<!-- Generated by org.testng.reporters.JUnitReportReporter -->
<testsuite hostname="DESKTOP-496DOAJ" failures="0" tests="8" name="Runner_Files.Bills_positive_scenarios_runner" time="26.685" errors="0" timestamp="2021-07-12T19:22:53 IST" skipped="0">
  <testcase classname="Runner_Files.Bills_positive_scenarios_runner" name="runScenario" time="19.646"/>
  <system-out/>
  <testcase classname="Runner_Files.Bills_positive_scenarios_runner" name="runScenario" time="0.224"/>
  <system-out/>
  <testcase classname="Runner_Files.Bills_positive_scenarios_runner" name="runScenario" time="0.536"/>
  <system-out/>
  <testcase classname="Runner_Files.Bills_positive_scenarios_runner" name="runScenario" time="0.130"/>
  <system-out/>
  <testcase classname="Runner_Files.Bills_positive_scenarios_runner" name="runScenario" time="0.382"/>
  <system-out/>
  <testcase classname="Runner_Files.Bills_positive_scenarios_runner" name="runScenario" time="5.019"/>
  <system-out/>
  <testcase classname="Runner_Files.Bills_positive_scenarios_runner" name="runScenario" time="0.626"/>
  <system-out/>
  <testcase classname="Runner_Files.Bills_positive_scenarios_runner" name="runScenario" time="0.122"/>
  <system-out/>
</testsuite> <!-- Runner_Files.Bills_positive_scenarios_runner -->
