<?xml version="1.0" encoding="UTF-8"?>
<!-- Generated by org.testng.reporters.JUnitReportReporter -->
<testsuite hostname="DESKTOP-496DOAJ" failures="0" tests="10" name="Runner_Files.Signup_negative_scenarios_runner" time="28.701" errors="0" timestamp="2021-07-12T19:22:53 IST" skipped="0">
  <testcase classname="Runner_Files.Signup_negative_scenarios_runner" name="runScenario" time="0.478"/>
  <system-out/>
  <testcase classname="Runner_Files.Signup_negative_scenarios_runner" name="runScenario" time="0.245"/>
  <system-out/>
  <testcase classname="Runner_Files.Signup_negative_scenarios_runner" name="runScenario" time="2.186"/>
  <system-out/>
  <testcase classname="Runner_Files.Signup_negative_scenarios_runner" name="runScenario" time="1.110"/>
  <system-out/>
  <testcase classname="Runner_Files.Signup_negative_scenarios_runner" name="runScenario" time="16.192"/>
  <system-out/>
  <testcase classname="Runner_Files.Signup_negative_scenarios_runner" name="runScenario" time="1.389"/>
  <system-out/>
  <testcase classname="Runner_Files.Signup_negative_scenarios_runner" name="runScenario" time="3.272"/>
  <system-out/>
  <testcase classname="Runner_Files.Signup_negative_scenarios_runner" name="runScenario" time="1.423"/>
  <system-out/>
  <testcase classname="Runner_Files.Signup_negative_scenarios_runner" name="runScenario" time="1.134"/>
  <system-out/>
  <testcase classname="Runner_Files.Signup_negative_scenarios_runner" name="runScenario" time="1.272"/>
  <system-out/>
</testsuite> <!-- Runner_Files.Signup_negative_scenarios_runner -->
