<?xml version="1.0" encoding="UTF-8"?>
<!-- Generated by org.testng.reporters.JUnitReportReporter -->
<testsuite hostname="DESKTOP-496DOAJ" failures="0" tests="5" name="Runner_Files.Award_points_negative_scenarios_runner" time="35.640" errors="0" timestamp="2021-07-12T19:22:53 IST" skipped="0">
  <testcase classname="Runner_Files.Award_points_negative_scenarios_runner" name="runScenario" time="3.447"/>
  <system-out/>
  <testcase classname="Runner_Files.Award_points_negative_scenarios_runner" name="runScenario" time="7.656"/>
  <system-out/>
  <testcase classname="Runner_Files.Award_points_negative_scenarios_runner" name="runScenario" time="3.011"/>
  <system-out/>
  <testcase classname="Runner_Files.Award_points_negative_scenarios_runner" name="runScenario" time="17.642"/>
  <system-out/>
  <testcase classname="Runner_Files.Award_points_negative_scenarios_runner" name="runScenario" time="3.884"/>
  <system-out/>
</testsuite> <!-- Runner_Files.Award_points_negative_scenarios_runner -->
