<?xml version="1.0" encoding="UTF-8"?>
<!-- Generated by org.testng.reporters.JUnitReportReporter -->
<testsuite hostname="DESKTOP-496DOAJ" failures="0" tests="7" name="Runner_Files.Circles_negative_scenarios_runner" time="29.739" errors="0" timestamp="2021-07-12T19:22:53 IST" skipped="0">
  <testcase classname="Runner_Files.Circles_negative_scenarios_runner" name="runScenario" time="0.893"/>
  <system-out/>
  <testcase classname="Runner_Files.Circles_negative_scenarios_runner" name="runScenario" time="0.820"/>
  <system-out/>
  <testcase classname="Runner_Files.Circles_negative_scenarios_runner" name="runScenario" time="5.108"/>
  <system-out/>
  <testcase classname="Runner_Files.Circles_negative_scenarios_runner" name="runScenario" time="0.542"/>
  <system-out/>
  <testcase classname="Runner_Files.Circles_negative_scenarios_runner" name="runScenario" time="0.850"/>
  <system-out/>
  <testcase classname="Runner_Files.Circles_negative_scenarios_runner" name="runScenario" time="20.971"/>
  <system-out/>
  <testcase classname="Runner_Files.Circles_negative_scenarios_runner" name="runScenario" time="0.555"/>
  <system-out/>
</testsuite> <!-- Runner_Files.Circles_negative_scenarios_runner -->
