<?xml version="1.0" encoding="UTF-8"?>
<!-- Generated by org.testng.reporters.JUnitReportReporter -->
<testsuite hostname="DESKTOP-496DOAJ" failures="0" tests="13" name="Runner_Files.Your_profile_positive_scenarios_runner" time="95.114" errors="0" timestamp="2021-07-12T19:22:53 IST" skipped="0">
  <testcase classname="Runner_Files.Your_profile_positive_scenarios_runner" name="runScenario" time="2.270"/>
  <system-out/>
  <testcase classname="Runner_Files.Your_profile_positive_scenarios_runner" name="runScenario" time="4.858"/>
  <system-out/>
  <testcase classname="Runner_Files.Your_profile_positive_scenarios_runner" name="runScenario" time="0.308"/>
  <system-out/>
  <testcase classname="Runner_Files.Your_profile_positive_scenarios_runner" name="runScenario" time="2.975"/>
  <system-out/>
  <testcase classname="Runner_Files.Your_profile_positive_scenarios_runner" name="runScenario" time="0.151"/>
  <system-out/>
  <testcase classname="Runner_Files.Your_profile_positive_scenarios_runner" name="runScenario" time="10.145"/>
  <system-out/>
  <testcase classname="Runner_Files.Your_profile_positive_scenarios_runner" name="runScenario" time="0.235"/>
  <system-out/>
  <testcase classname="Runner_Files.Your_profile_positive_scenarios_runner" name="runScenario" time="10.297"/>
  <system-out/>
  <testcase classname="Runner_Files.Your_profile_positive_scenarios_runner" name="runScenario" time="10.205"/>
  <system-out/>
  <testcase classname="Runner_Files.Your_profile_positive_scenarios_runner" name="runScenario" time="10.153"/>
  <system-out/>
  <testcase classname="Runner_Files.Your_profile_positive_scenarios_runner" name="runScenario" time="23.426"/>
  <system-out/>
  <testcase classname="Runner_Files.Your_profile_positive_scenarios_runner" name="runScenario" time="0.099"/>
  <system-out/>
  <testcase classname="Runner_Files.Your_profile_positive_scenarios_runner" name="runScenario" time="19.992"/>
  <system-out/>
</testsuite> <!-- Runner_Files.Your_profile_positive_scenarios_runner -->
