<?xml version="1.0" encoding="UTF-8"?>
<!-- Generated by org.testng.reporters.JUnitReportReporter -->
<testsuite hostname="DESKTOP-496DOAJ" failures="0" tests="9" name="Runner_Files.Circles_positive_scenarios_runner" time="47.006" errors="0" timestamp="2021-07-12T19:22:53 IST" skipped="0">
  <testcase classname="Runner_Files.Circles_positive_scenarios_runner" name="runScenario" time="1.026"/>
  <system-out/>
  <testcase classname="Runner_Files.Circles_positive_scenarios_runner" name="runScenario" time="23.683"/>
  <system-out/>
  <testcase classname="Runner_Files.Circles_positive_scenarios_runner" name="runScenario" time="0.268"/>
  <system-out/>
  <testcase classname="Runner_Files.Circles_positive_scenarios_runner" name="runScenario" time="20.048"/>
  <system-out/>
  <testcase classname="Runner_Files.Circles_positive_scenarios_runner" name="runScenario" time="0.565"/>
  <system-out/>
  <testcase classname="Runner_Files.Circles_positive_scenarios_runner" name="runScenario" time="0.121"/>
  <system-out/>
  <testcase classname="Runner_Files.Circles_positive_scenarios_runner" name="runScenario" time="0.196"/>
  <system-out/>
  <testcase classname="Runner_Files.Circles_positive_scenarios_runner" name="runScenario" time="0.633"/>
  <system-out/>
  <testcase classname="Runner_Files.Circles_positive_scenarios_runner" name="runScenario" time="0.466"/>
  <system-out/>
</testsuite> <!-- Runner_Files.Circles_positive_scenarios_runner -->
