<?xml version="1.0" encoding="UTF-8"?>
<!-- Generated by org.testng.reporters.JUnitReportReporter -->
<testsuite hostname="DESKTOP-496DOAJ" failures="0" tests="6" name="Runner_Files.Utilities_positive_scenarios_runner" time="69.850" errors="0" timestamp="2021-07-12T19:22:53 IST" skipped="0">
  <testcase classname="Runner_Files.Utilities_positive_scenarios_runner" name="runScenario" time="5.988"/>
  <system-out/>
  <testcase classname="Runner_Files.Utilities_positive_scenarios_runner" name="runScenario" time="31.422"/>
  <system-out/>
  <testcase classname="Runner_Files.Utilities_positive_scenarios_runner" name="runScenario" time="19.499"/>
  <system-out/>
  <testcase classname="Runner_Files.Utilities_positive_scenarios_runner" name="runScenario" time="7.281"/>
  <system-out/>
  <testcase classname="Runner_Files.Utilities_positive_scenarios_runner" name="runScenario" time="2.846"/>
  <system-out/>
  <testcase classname="Runner_Files.Utilities_positive_scenarios_runner" name="runScenario" time="2.814"/>
  <system-out/>
</testsuite> <!-- Runner_Files.Utilities_positive_scenarios_runner -->
