<?xml version="1.0" encoding="UTF-8"?>
<!-- Generated by org.testng.reporters.JUnitReportReporter -->
<testsuite hostname="DESKTOP-496DOAJ" failures="0" tests="24" name="Runner_Files.Your_profile_negative_scenarios_runner" time="128.902" errors="0" timestamp="2021-07-12T19:22:53 IST" skipped="0">
  <testcase classname="Runner_Files.Your_profile_negative_scenarios_runner" name="runScenario" time="1.643"/>
  <system-out/>
  <testcase classname="Runner_Files.Your_profile_negative_scenarios_runner" name="runScenario" time="1.135"/>
  <system-out/>
  <testcase classname="Runner_Files.Your_profile_negative_scenarios_runner" name="runScenario" time="1.371"/>
  <system-out/>
  <testcase classname="Runner_Files.Your_profile_negative_scenarios_runner" name="runScenario" time="1.164"/>
  <system-out/>
  <testcase classname="Runner_Files.Your_profile_negative_scenarios_runner" name="runScenario" time="1.801"/>
  <system-out/>
  <testcase classname="Runner_Files.Your_profile_negative_scenarios_runner" name="runScenario" time="20.979"/>
  <system-out/>
  <testcase classname="Runner_Files.Your_profile_negative_scenarios_runner" name="runScenario" time="0.045"/>
  <system-out/>
  <testcase classname="Runner_Files.Your_profile_negative_scenarios_runner" name="runScenario" time="2.694"/>
  <system-out/>
  <testcase classname="Runner_Files.Your_profile_negative_scenarios_runner" name="runScenario" time="3.408"/>
  <system-out/>
  <testcase classname="Runner_Files.Your_profile_negative_scenarios_runner" name="runScenario" time="0.614"/>
  <system-out/>
  <testcase classname="Runner_Files.Your_profile_negative_scenarios_runner" name="runScenario" time="1.482"/>
  <system-out/>
  <testcase classname="Runner_Files.Your_profile_negative_scenarios_runner" name="runScenario" time="0.645"/>
  <system-out/>
  <testcase classname="Runner_Files.Your_profile_negative_scenarios_runner" name="runScenario" time="1.050"/>
  <system-out/>
  <testcase classname="Runner_Files.Your_profile_negative_scenarios_runner" name="runScenario" time="2.386"/>
  <system-out/>
  <testcase classname="Runner_Files.Your_profile_negative_scenarios_runner" name="runScenario" time="69.963"/>
  <system-out/>
  <testcase classname="Runner_Files.Your_profile_negative_scenarios_runner" name="runScenario" time="1.482"/>
  <system-out/>
  <testcase classname="Runner_Files.Your_profile_negative_scenarios_runner" name="runScenario" time="0.502"/>
  <system-out/>
  <testcase classname="Runner_Files.Your_profile_negative_scenarios_runner" name="runScenario" time="1.550"/>
  <system-out/>
  <testcase classname="Runner_Files.Your_profile_negative_scenarios_runner" name="runScenario" time="3.393"/>
  <system-out/>
  <testcase classname="Runner_Files.Your_profile_negative_scenarios_runner" name="runScenario" time="1.286"/>
  <system-out/>
  <testcase classname="Runner_Files.Your_profile_negative_scenarios_runner" name="runScenario" time="1.562"/>
  <system-out/>
  <testcase classname="Runner_Files.Your_profile_negative_scenarios_runner" name="runScenario" time="3.309"/>
  <system-out/>
  <testcase classname="Runner_Files.Your_profile_negative_scenarios_runner" name="runScenario" time="0.998"/>
  <system-out/>
  <testcase classname="Runner_Files.Your_profile_negative_scenarios_runner" name="runScenario" time="4.440"/>
  <system-out/>
</testsuite> <!-- Runner_Files.Your_profile_negative_scenarios_runner -->
