<?xml version="1.0" encoding="UTF-8"?>
<!-- Generated by org.testng.reporters.JUnitReportReporter -->
<testsuite hostname="DESKTOP-496DOAJ" failures="0" tests="3" name="Runner_Files.Landing_welcome_positive_scenarios_runner" time="22.050" errors="0" timestamp="2021-07-12T19:22:53 IST" skipped="0">
  <testcase classname="Runner_Files.Landing_welcome_positive_scenarios_runner" name="runScenario" time="5.246"/>
  <system-out/>
  <testcase classname="Runner_Files.Landing_welcome_positive_scenarios_runner" name="runScenario" time="13.167"/>
  <system-out/>
  <testcase classname="Runner_Files.Landing_welcome_positive_scenarios_runner" name="runScenario" time="3.637"/>
  <system-out/>
</testsuite> <!-- Runner_Files.Landing_welcome_positive_scenarios_runner -->
